<?xml version="1.0" encoding="UTF-8"?>
<testng-results skipped="0" failed="1" total="1" passed="0">
  <reporter-output>
  </reporter-output>
  <suite name="Default suite" duration-ms="33162" started-at="2017-03-09T06:57:39Z" finished-at="2017-03-09T06:58:12Z">
    <groups>
    </groups>
    <test name="Default test" duration-ms="33162" started-at="2017-03-09T06:57:39Z" finished-at="2017-03-09T06:58:12Z">
      <class name="automationEcommerce.AddToCartWithSignedInUser">
        <test-method status="PASS" signature="setup()[pri:0, instance:automationEcommerce.AddToCartWithSignedInUser@204f30ec]" name="setup" is-config="true" duration-ms="18693" started-at="2017-03-09T12:27:39Z" finished-at="2017-03-09T12:27:58Z">
          <reporter-output>
          </reporter-output>
        </test-method> <!-- setup -->
        <test-method status="FAIL" signature="addToCartThroughQuickView()[pri:0, instance:automationEcommerce.AddToCartWithSignedInUser@204f30ec]" name="addToCartThroughQuickView" duration-ms="14441" started-at="2017-03-09T12:27:58Z" finished-at="2017-03-09T12:28:12Z">
          <exception class="java.lang.NullPointerException">
            <full-stacktrace>
              <![CDATA[java.lang.NullPointerException
	at pages.ProductDescriptionPage.getProductName(ProductDescriptionPage.java:32)
	at automationEcommerce.AddToCartWithSignedInUser.addToCartThroughQuickView(AddToCartWithSignedInUser.java:72)
	at sun.reflect.NativeMethodAccessorImpl.invoke0(Native Method)
	at sun.reflect.NativeMethodAccessorImpl.invoke(NativeMethodAccessorImpl.java:62)
	at sun.reflect.DelegatingMethodAccessorImpl.invoke(DelegatingMethodAccessorImpl.java:43)
	at java.lang.reflect.Method.invoke(Method.java:498)
	at org.testng.internal.MethodInvocationHelper.invokeMethod(MethodInvocationHelper.java:80)
	at org.testng.internal.Invoker.invokeMethod(Invoker.java:714)
	at org.testng.internal.Invoker.invokeTestMethod(Invoker.java:901)
	at org.testng.internal.Invoker.invokeTestMethods(Invoker.java:1231)
	at org.testng.internal.TestMethodWorker.invokeTestMethods(TestMethodWorker.java:127)
	at org.testng.internal.TestMethodWorker.run(TestMethodWorker.java:111)
	at org.testng.TestRunner.privateRun(TestRunner.java:767)
	at org.testng.TestRunner.run(TestRunner.java:617)
	at org.testng.SuiteRunner.runTest(SuiteRunner.java:334)
	at org.testng.SuiteRunner.runSequentially(SuiteRunner.java:329)
	at org.testng.SuiteRunner.privateRun(SuiteRunner.java:291)
	at org.testng.SuiteRunner.run(SuiteRunner.java:240)
	at org.testng.SuiteRunnerWorker.runSuite(SuiteRunnerWorker.java:52)
	at org.testng.SuiteRunnerWorker.run(SuiteRunnerWorker.java:86)
	at org.testng.TestNG.runSuitesSequentially(TestNG.java:1198)
	at org.testng.TestNG.runSuitesLocally(TestNG.java:1123)
	at org.testng.TestNG.run(TestNG.java:1031)
	at org.testng.remote.AbstractRemoteTestNG.run(AbstractRemoteTestNG.java:132)
	at org.testng.remote.RemoteTestNG.initAndRun(RemoteTestNG.java:236)
	at org.testng.remote.RemoteTestNG.main(RemoteTestNG.java:81)
]]>
            </full-stacktrace>
          </exception> <!-- java.lang.NullPointerException -->
          <reporter-output>
          </reporter-output>
        </test-method> <!-- addToCartThroughQuickView -->
      </class> <!-- automationEcommerce.AddToCartWithSignedInUser -->
    </test> <!-- Default test -->
  </suite> <!-- Default suite -->
</testng-results>
