<?xml version="1.0" encoding="UTF-8"?>
<testng-results skipped="0" failed="0" total="1" passed="1">
  <reporter-output>
  </reporter-output>
  <suite name="Default suite" duration-ms="33577" started-at="2017-03-07T11:55:00Z" finished-at="2017-03-07T11:55:33Z">
    <groups>
    </groups>
    <test name="Default test" duration-ms="33577" started-at="2017-03-07T11:55:00Z" finished-at="2017-03-07T11:55:33Z">
      <class name="automationEcommerce.AddToCartWithSignedInUser">
        <test-method status="PASS" signature="setup()[pri:0, instance:automationEcommerce.AddToCartWithSignedInUser@4c70fda8]" name="setup" is-config="true" duration-ms="14669" started-at="2017-03-07T17:25:00Z" finished-at="2017-03-07T17:25:15Z">
          <reporter-output>
          </reporter-output>
        </test-method> <!-- setup -->
        <test-method status="PASS" signature="addToCartThroughQuickView()[pri:0, instance:automationEcommerce.AddToCartWithSignedInUser@4c70fda8]" name="addToCartThroughQuickView" duration-ms="18896" started-at="2017-03-07T17:25:15Z" finished-at="2017-03-07T17:25:33Z">
          <reporter-output>
          </reporter-output>
        </test-method> <!-- addToCartThroughQuickView -->
      </class> <!-- automationEcommerce.AddToCartWithSignedInUser -->
    </test> <!-- Default test -->
  </suite> <!-- Default suite -->
</testng-results>
